<?xml version="1.0" encoding="UTF-8"?>
<testsuite name="com.genricjunit.FindMaxTest" tests="1" skipped="0" failures="0" errors="0" timestamp="2020-05-07T11:40:33" hostname="KYOOLBABA" time="0.003">
  <properties/>
  <testcase name="testMaximumIntegerFirstPosition" classname="com.genricjunit.FindMaxTest" time="0.003"/>
  <system-out><![CDATA[]]></system-out>
  <system-err><![CDATA[]]></system-err>
</testsuite>
