<?xml version="1.0" encoding="UTF-8"?>
<testsuite name="com.genricjunit.FindMaxTest" tests="3" skipped="0" failures="0" errors="0" timestamp="2020-05-06T11:13:03" hostname="KYOOLBABA" time="0.013">
  <properties/>
  <testcase name="testMaximunIntegerThirdPosition" classname="com.genricjunit.FindMaxTest" time="0.002"/>
  <testcase name="testMaximunIntegerFirstPosition" classname="com.genricjunit.FindMaxTest" time="0.006"/>
  <testcase name="testMaximunIntegerSecondPosition" classname="com.genricjunit.FindMaxTest" time="0.003"/>
  <system-out><![CDATA[]]></system-out>
  <system-err><![CDATA[]]></system-err>
</testsuite>
