<?xml version="1.0" encoding="UTF-8"?>
<testsuite name="com.genricjunit.FindMaxTest" tests="6" skipped="0" failures="0" errors="0" timestamp="2020-05-06T12:10:31" hostname="KYOOLBABA" time="0.022">
  <properties/>
  <testcase name="testMaximumIntegerThirdPosition" classname="com.genricjunit.FindMaxTest" time="0.003"/>
  <testcase name="testMaximumFloatThirdPosition" classname="com.genricjunit.FindMaxTest" time="0.002"/>
  <testcase name="testMaximumFloatSecondPosition" classname="com.genricjunit.FindMaxTest" time="0.001"/>
  <testcase name="testMaximumIntegerSecondPosition" classname="com.genricjunit.FindMaxTest" time="0.004"/>
  <testcase name="testMaximumIntegerFirstPosition" classname="com.genricjunit.FindMaxTest" time="0.001"/>
  <testcase name="testMaximumFloatFirstPosition" classname="com.genricjunit.FindMaxTest" time="0.002"/>
  <system-out><![CDATA[]]></system-out>
  <system-err><![CDATA[]]></system-err>
</testsuite>
