<?xml version="1.0" encoding="UTF-8"?>
<testsuite name="com.genricjunit.FindMaxTest" tests="9" skipped="0" failures="0" errors="0" timestamp="2020-05-06T12:31:22" hostname="KYOOLBABA" time="0.006">
  <properties/>
  <testcase name="testMaximumIntegerThirdPosition" classname="com.genricjunit.FindMaxTest" time="0.002"/>
  <testcase name="testMaximumFloatThirdPosition" classname="com.genricjunit.FindMaxTest" time="0.0"/>
  <testcase name="testMaximumStringThirdPosition" classname="com.genricjunit.FindMaxTest" time="0.0"/>
  <testcase name="testMaximumFloatSecondPosition" classname="com.genricjunit.FindMaxTest" time="0.0"/>
  <testcase name="testMaximumIntegerSecondPosition" classname="com.genricjunit.FindMaxTest" time="0.0"/>
  <testcase name="testMaximumIntegerFirstPosition" classname="com.genricjunit.FindMaxTest" time="0.0"/>
  <testcase name="testMaximumStringSecondPosition" classname="com.genricjunit.FindMaxTest" time="0.0"/>
  <testcase name="testMaximumFloatFirstPosition" classname="com.genricjunit.FindMaxTest" time="0.0"/>
  <testcase name="testMaximumStringFirstPosition" classname="com.genricjunit.FindMaxTest" time="0.0"/>
  <system-out><![CDATA[]]></system-out>
  <system-err><![CDATA[]]></system-err>
</testsuite>
